** Run Tesseract for Training **
[C:\Users\Seni'sPC\PycharmProjects\Train-data-ocr\jTessBoxEditor\tesseract-ocr/tesseract, vie.timesnewroman.exp0.tif, vie.timesnewroman.exp0, box.train]
Tesseract Open Source OCR Engine v4.0.0.20181030 with Leptonica
Page 1
Detected 192 diacritics
row xheight=10, but median xheight = 23.1957
row xheight=10, but median xheight = 23.1957
row xheight=10, but median xheight = 23.1957
row xheight=29, but median xheight = 23.1957
FAIL!
APPLY_BOXES: boxfile line 1/a ((102,3157),(122,3180)): FAILURE! Couldn't find a matching blob
FAIL!
APPLY_BOXES: boxfile line 2/A ((139,3158),(172,3191)): FAILURE! Couldn't find a matching blob
FAIL!
APPLY_BOXES: boxfile line 3/à ((192,3157),(211,3191)): FAILURE! Couldn't find a matching blob
FAIL!
APPLY_BOXES: boxfile line 4/À ((229,3158),(262,3201)): FAILURE! Couldn't find a matching blob
FAIL!
APPLY_BOXES: boxfile line 5/ả ((281,3157),(301,3190)): FAILURE! Couldn't find a matching blob
FAIL!
APPLY_BOXES: boxfile line 6/Ả ((318,3158),(351,3200)): FAILURE! Couldn't find a matching blob
FAIL!
APPLY_BOXES: boxfile line 7/ã ((371,3157),(390,3189)): FAILURE! Couldn't find a matching blob
FAIL!
APPLY_BOXES: boxfile line 8/Ã ((408,3158),(441,3199)): FAILURE! Couldn't find a matching blob
FAIL!
APPLY_BOXES: boxfile line 9/á ((460,3157),(480,3191)): FAILURE! Couldn't find a matching blob
FAIL!
APPLY_BOXES: boxfile line 10/Á ((497,3158),(530,3201)): FAILURE! Couldn't find a matching blob
FAIL!
APPLY_BOXES: boxfile line 11/ạ ((550,3151),(570,3180)): FAILURE! Couldn't find a matching blob
FAIL!
APPLY_BOXES: boxfile line 12/Ạ ((587,3151),(620,3191)): FAILURE! Couldn't find a matching blob
FAIL!
APPLY_BOXES: boxfile line 13/ă ((639,3157),(659,3190)): FAILURE! Couldn't find a matching blob
FAIL!
APPLY_BOXES: boxfile line 23/ặ ((1087,3151),(1107,3190)): FAILURE! Couldn't find a matching blob
FAIL!
APPLY_BOXES: boxfile line 24/Ặ ((1124,3151),(1157,3200)): FAILURE! Couldn't find a matching blob
FAIL!
APPLY_BOXES: boxfile line 25/â ((1177,3157),(1197,3191)): FAILURE! Couldn't find a matching blob
FAIL!
APPLY_BOXES: boxfile line 35/ậ ((1625,3151),(1644,3191)): FAILURE! Couldn't find a matching blob
FAIL!
APPLY_BOXES: boxfile line 36/Ậ ((1662,3151),(1695,3201)): FAILURE! Couldn't find a matching blob
FAIL!
APPLY_BOXES: boxfile line 37/b ((1712,3157),(1734,3192)): FAILURE! Couldn't find a matching blob
FAIL!
APPLY_BOXES: boxfile line 38/B ((1753,3158),(1782,3190)): FAILURE! Couldn't find a matching blob
FAIL!
APPLY_BOXES: boxfile line 39/c ((1804,3157),(1822,3180)): FAILURE! Couldn't find a matching blob
FAIL!
APPLY_BOXES: boxfile line 40/C ((1842,3157),(1870,3191)): FAILURE! Couldn't find a matching blob
FAIL!
APPLY_BOXES: boxfile line 41/d ((1891,3157),(1913,3192)): FAILURE! Couldn't find a matching blob
FAIL!
APPLY_BOXES: boxfile line 42/D ((1930,3158),(1963,3190)): FAILURE! Couldn't find a matching blob
FAIL!
APPLY_BOXES: boxfile line 43/đ ((1983,3157),(2005,3192)): FAILURE! Couldn't find a matching blob
FAIL!
APPLY_BOXES: boxfile line 44/Đ ((2023,3158),(2055,3190)): FAILURE! Couldn't find a matching blob
FAIL!
APPLY_BOXES: boxfile line 45/e ((2075,3157),(2093,3180)): FAILURE! Couldn't find a matching blob
FAIL!
APPLY_BOXES: boxfile line 46/E ((2112,3158),(2139,3190)): FAILURE! Couldn't find a matching blob
FAIL!
APPLY_BOXES: boxfile line 47/è ((2160,3157),(2178,3191)): FAILURE! Couldn't find a matching blob
FAIL!
APPLY_BOXES: boxfile line 48/È ((2196,3158),(2224,3201)): FAILURE! Couldn't find a matching blob
FAIL!
APPLY_BOXES: boxfile line 49/ẻ ((2244,3157),(2262,3190)): FAILURE! Couldn't find a matching blob
FAIL!
APPLY_BOXES: boxfile line 50/Ẻ ((2280,3158),(2308,3200)): FAILURE! Couldn't find a matching blob
FAIL!
APPLY_BOXES: boxfile line 51/ẽ ((2328,3157),(2346,3189)): FAILURE! Couldn't find a matching blob
FAIL!
APPLY_BOXES: boxfile line 52/Ẽ ((2365,3158),(2392,3199)): FAILURE! Couldn't find a matching blob
FAIL!
APPLY_BOXES: boxfile line 53/é ((2412,3157),(2430,3191)): FAILURE! Couldn't find a matching blob
FAIL!
APPLY_BOXES: boxfile line 54/É ((2449,3158),(2476,3201)): FAILURE! Couldn't find a matching blob
FAIL!
APPLY_BOXES: boxfile line 55/ẹ ((2496,3151),(2514,3180)): FAILURE! Couldn't find a matching blob
FAIL!
APPLY_BOXES: boxfile line 56/Ẹ ((100,3075),(128,3114)): FAILURE! Couldn't find a matching blob
FAIL!
APPLY_BOXES: boxfile line 57/ê ((148,3081),(166,3115)): FAILURE! Couldn't find a matching blob
FAIL!
APPLY_BOXES: boxfile line 67/ệ ((569,3075),(587,3115)): FAILURE! Couldn't find a matching blob
FAIL!
APPLY_BOXES: boxfile line 68/Ệ ((606,3075),(633,3120)): FAILURE! Couldn't find a matching blob
FAIL!
APPLY_BOXES: boxfile line 69/f ((653,3082),(671,3116)): FAILURE! Couldn't find a matching blob
FAIL!
APPLY_BOXES: boxfile line 70/F ((685,3082),(709,3114)): FAILURE! Couldn't find a matching blob
FAIL!
APPLY_BOXES: boxfile line 71/g ((729,3072),(751,3104)): FAILURE! Couldn't find a matching blob
FAIL!
APPLY_BOXES: boxfile line 72/G ((771,3081),(803,3115)): FAILURE! Couldn't find a matching blob
FAIL!
APPLY_BOXES: boxfile line 73/h ((820,3082),(843,3116)): FAILURE! Couldn't find a matching blob
FAIL!
APPLY_BOXES: boxfile line 74/H ((861,3082),(895,3114)): FAILURE! Couldn't find a matching blob
FAIL!
APPLY_BOXES: boxfile line 75/i ((913,3082),(923,3116)): FAILURE! Couldn't find a matching blob
FAIL!
APPLY_BOXES: boxfile line 76/I ((943,3082),(957,3114)): FAILURE! Couldn't find a matching blob
FAIL!
APPLY_BOXES: boxfile line 77/ì ((976,3082),(986,3115)): FAILURE! Couldn't find a matching blob
FAIL!
APPLY_BOXES: boxfile line 78/Ì ((1006,3082),(1020,3125)): FAILURE! Couldn't find a matching blob
FAIL!
APPLY_BOXES: boxfile line 79/ỉ ((1039,3082),(1049,3114)): FAILURE! Couldn't find a matching blob
FAIL!
APPLY_BOXES: boxfile line 80/Ỉ ((1069,3082),(1083,3124)): FAILURE! Couldn't find a matching blob
FAIL!
APPLY_BOXES: boxfile line 81/ĩ ((1100,3082),(1115,3114)): FAILURE! Couldn't find a matching blob
FAIL!
APPLY_BOXES: boxfile line 82/Ĩ ((1131,3082),(1146,3123)): FAILURE! Couldn't find a matching blob
FAIL!
APPLY_BOXES: boxfile line 83/í ((1165,3082),(1175,3115)): FAILURE! Couldn't find a matching blob
FAIL!
APPLY_BOXES: boxfile line 84/Í ((1195,3082),(1209,3125)): FAILURE! Couldn't find a matching blob
FAIL!
APPLY_BOXES: boxfile line 85/ị ((1228,3075),(1238,3116)): FAILURE! Couldn't find a matching blob
FAIL!
APPLY_BOXES: boxfile line 86/Ị ((1258,3075),(1272,3114)): FAILURE! Couldn't find a matching blob
FAIL!
APPLY_BOXES: boxfile line 87/j ((1286,3072),(1298,3116)): FAILURE! Couldn't find a matching blob
FAIL!
APPLY_BOXES: boxfile line 88/J ((1321,3081),(1339,3114)): FAILURE! Couldn't find a matching blob
FAIL!
APPLY_BOXES: boxfile line 89/k ((1356,3082),(1378,3116)): FAILURE! Couldn't find a matching blob
FAIL!
APPLY_BOXES: boxfile line 90/K ((1397,3082),(1431,3114)): FAILURE! Couldn't find a matching blob
FAIL!
APPLY_BOXES: boxfile line 91/l ((1449,3082),(1459,3116)): FAILURE! Couldn't find a matching blob
FAIL!
APPLY_BOXES: boxfile line 92/L ((1478,3082),(1506,3114)): FAILURE! Couldn't find a matching blob
FAIL!
APPLY_BOXES: boxfile line 93/m ((1525,3082),(1561,3104)): FAILURE! Couldn't find a matching blob
FAIL!
APPLY_BOXES: boxfile line 94/M ((1578,3082),(1620,3114)): FAILURE! Couldn't find a matching blob
FAIL!
APPLY_BOXES: boxfile line 95/n ((1638,3082),(1661,3104)): FAILURE! Couldn't find a matching blob
FAIL!
APPLY_BOXES: boxfile line 96/N ((1678,3081),(1713,3114)): FAILURE! Couldn't find a matching blob
FAIL!
APPLY_BOXES: boxfile line 97/o ((1731,3081),(1752,3104)): FAILURE! Couldn't find a matching blob
FAIL!
APPLY_BOXES: boxfile line 98/O ((1773,3081),(1804,3115)): FAILURE! Couldn't find a matching blob
FAIL!
APPLY_BOXES: boxfile line 99/ò ((1823,3081),(1844,3115)): FAILURE! Couldn't find a matching blob
FAIL!
APPLY_BOXES: boxfile line 100/Ò ((1865,3081),(1896,3125)): FAILURE! Couldn't find a matching blob
FAIL!
APPLY_BOXES: boxfile line 101/ỏ ((1915,3081),(1936,3114)): FAILURE! Couldn't find a matching blob
FAIL!
APPLY_BOXES: boxfile line 102/Ỏ ((1957,3081),(1988,3124)): FAILURE! Couldn't find a matching blob
FAIL!
APPLY_BOXES: boxfile line 103/õ ((2008,3081),(2029,3113)): FAILURE! Couldn't find a matching blob
FAIL!
APPLY_BOXES: boxfile line 104/Õ ((2049,3081),(2080,3123)): FAILURE! Couldn't find a matching blob
FAIL!
APPLY_BOXES: boxfile line 105/ó ((2100,3081),(2121,3115)): FAILURE! Couldn't find a matching blob
FAIL!
APPLY_BOXES: boxfile line 106/Ó ((2142,3081),(2173,3125)): FAILURE! Couldn't find a matching blob
FAIL!
APPLY_BOXES: boxfile line 107/ọ ((2192,3075),(2213,3104)): FAILURE! Couldn't find a matching blob
FAIL!
APPLY_BOXES: boxfile line 108/Ọ ((2234,3075),(2265,3115)): FAILURE! Couldn't find a matching blob
FAIL!
APPLY_BOXES: boxfile line 109/ô ((2285,3081),(2305,3115)): FAILURE! Couldn't find a matching blob
FAIL!
APPLY_BOXES: boxfile line 110/Ô ((2326,3081),(2357,3125)): FAILURE! Couldn't find a matching blob
FAIL!
APPLY_BOXES: boxfile line 111/ồ ((2377,3081),(2398,3124)): FAILURE! Couldn't find a matching blob
FAIL!
APPLY_BOXES: boxfile line 112/Ồ ((2418,3081),(2449,3125)): FAILURE! Couldn't find a matching blob
FAIL!
APPLY_BOXES: boxfile line 113/ổ ((2469,3081),(2490,3124)): FAILURE! Couldn't find a matching blob
FAIL!
APPLY_BOXES: boxfile line 119/ộ ((337,2999),(358,3039)): FAILURE! Couldn't find a matching blob
FAIL!
APPLY_BOXES: boxfile line 120/Ộ ((379,2999),(410,3049)): FAILURE! Couldn't find a matching blob
FAIL!
APPLY_BOXES: boxfile line 121/ơ ((429,3005),(453,3028)): FAILURE! Couldn't find a matching blob
FAIL!
APPLY_BOXES: boxfile line 122/Ơ ((472,3005),(503,3042)): FAILURE! Couldn't find a matching blob
FAIL!
APPLY_BOXES: boxfile line 123/ờ ((523,3005),(547,3039)): FAILURE! Couldn't find a matching blob
FAIL!
APPLY_BOXES: boxfile line 124/Ờ ((566,3005),(597,3049)): FAILURE! Couldn't find a matching blob
FAIL!
APPLY_BOXES: boxfile line 125/ở ((617,3005),(641,3038)): FAILURE! Couldn't find a matching blob
FAIL!
APPLY_BOXES: boxfile line 126/Ở ((660,3005),(691,3048)): FAILURE! Couldn't find a matching blob
FAIL!
APPLY_BOXES: boxfile line 127/ỡ ((710,3005),(734,3037)): FAILURE! Couldn't find a matching blob
FAIL!
APPLY_BOXES: boxfile line 128/Ỡ ((753,3005),(784,3047)): FAILURE! Couldn't find a matching blob
FAIL!
APPLY_BOXES: boxfile line 129/ớ ((804,3005),(828,3039)): FAILURE! Couldn't find a matching blob
FAIL!
APPLY_BOXES: boxfile line 130/Ớ ((847,3005),(878,3049)): FAILURE! Couldn't find a matching blob
FAIL!
APPLY_BOXES: boxfile line 131/ợ ((898,2999),(921,3028)): FAILURE! Couldn't find a matching blob
FAIL!
APPLY_BOXES: boxfile line 132/Ợ ((941,2999),(972,3042)): FAILURE! Couldn't find a matching blob
FAIL!
APPLY_BOXES: boxfile line 133/p ((990,2996),(1012,3028)): FAILURE! Couldn't find a matching blob
FAIL!
APPLY_BOXES: boxfile line 134/P ((1031,3006),(1056,3038)): FAILURE! Couldn't find a matching blob
FAIL!
APPLY_BOXES: boxfile line 135/q ((1076,2996),(1098,3028)): FAILURE! Couldn't find a matching blob
FAIL!
APPLY_BOXES: boxfile line 136/Q ((1117,2997),(1148,3039)): FAILURE! Couldn't find a matching blob
FAIL!
APPLY_BOXES: boxfile line 137/r ((1168,3006),(1183,3028)): FAILURE! Couldn't find a matching blob
FAIL!
APPLY_BOXES: boxfile line 138/R ((1200,3006),(1232,3038)): FAILURE! Couldn't find a matching blob
FAIL!
APPLY_BOXES: boxfile line 139/s ((1250,3005),(1265,3028)): FAILURE! Couldn't find a matching blob
FAIL!
APPLY_BOXES: boxfile line 140/S ((1287,3005),(1308,3039)): FAILURE! Couldn't find a matching blob
FAIL!
APPLY_BOXES: boxfile line 141/t ((1327,3005),(1340,3034)): FAILURE! Couldn't find a matching blob
FAIL!
APPLY_BOXES: boxfile line 142/T ((1358,3006),(1385,3038)): FAILURE! Couldn't find a matching blob
FAIL!
APPLY_BOXES: boxfile line 143/u ((1405,3005),(1428,3027)): FAILURE! Couldn't find a matching blob
FAIL!
APPLY_BOXES: boxfile line 144/U ((1444,3005),(1479,3038)): FAILURE! Couldn't find a matching blob
FAIL!
APPLY_BOXES: boxfile line 145/ù ((1497,3005),(1520,3039)): FAILURE! Couldn't find a matching blob
FAIL!
APPLY_BOXES: boxfile line 146/Ù ((1537,3005),(1571,3049)): FAILURE! Couldn't find a matching blob
FAIL!
APPLY_BOXES: boxfile line 147/ủ ((1589,3005),(1612,3038)): FAILURE! Couldn't find a matching blob
FAIL!
APPLY_BOXES: boxfile line 148/Ủ ((1629,3005),(1664,3048)): FAILURE! Couldn't find a matching blob
FAIL!
APPLY_BOXES: boxfile line 149/ũ ((1681,3005),(1704,3038)): FAILURE! Couldn't find a matching blob
FAIL!
APPLY_BOXES: boxfile line 150/Ũ ((1721,3005),(1756,3047)): FAILURE! Couldn't find a matching blob
FAIL!
APPLY_BOXES: boxfile line 151/ú ((1774,3005),(1797,3039)): FAILURE! Couldn't find a matching blob
FAIL!
APPLY_BOXES: boxfile line 152/Ú ((1813,3005),(1848,3049)): FAILURE! Couldn't find a matching blob
FAIL!
APPLY_BOXES: boxfile line 153/ụ ((1866,2999),(1889,3027)): FAILURE! Couldn't find a matching blob
FAIL!
APPLY_BOXES: boxfile line 154/Ụ ((1906,2999),(1940,3038)): FAILURE! Couldn't find a matching blob
FAIL!
APPLY_BOXES: boxfile line 155/ư ((1958,3005),(1983,3028)): FAILURE! Couldn't find a matching blob
FAIL!
APPLY_BOXES: boxfile line 156/Ư ((2000,3005),(2039,3043)): FAILURE! Couldn't find a matching blob
FAIL!
APPLY_BOXES: boxfile line 157/ừ ((2055,3005),(2080,3039)): FAILURE! Couldn't find a matching blob
FAIL!
APPLY_BOXES: boxfile line 158/Ừ ((2097,3005),(2136,3049)): FAILURE! Couldn't find a matching blob
FAIL!
APPLY_BOXES: boxfile line 159/ử ((2152,3005),(2177,3038)): FAILURE! Couldn't find a matching blob
FAIL!
APPLY_BOXES: boxfile line 160/Ử ((2194,3005),(2233,3048)): FAILURE! Couldn't find a matching blob
FAIL!
APPLY_BOXES: boxfile line 161/ữ ((2249,3005),(2274,3037)): FAILURE! Couldn't find a matching blob
FAIL!
APPLY_BOXES: boxfile line 162/Ữ ((2291,3005),(2330,3047)): FAILURE! Couldn't find a matching blob
FAIL!
APPLY_BOXES: boxfile line 163/ứ ((2346,3005),(2371,3039)): FAILURE! Couldn't find a matching blob
FAIL!
APPLY_BOXES: boxfile line 164/Ứ ((2387,3005),(2426,3049)): FAILURE! Couldn't find a matching blob
FAIL!
APPLY_BOXES: boxfile line 165/ự ((2442,2999),(2467,3028)): FAILURE! Couldn't find a matching blob
FAIL!
APPLY_BOXES: boxfile line 409/« ((2544,2701),(2566,2724)): FAILURE! Couldn't find a matching blob
FAIL!
APPLY_BOXES: boxfile line 728/n ((2541,2322),(2566,2345)): FAILURE! Couldn't find a matching blob
FAIL!
APPLY_BOXES: boxfile line 780/" ((2085,2266),(2097,2279)): FAILURE! Couldn't find a matching blob
FAIL!
APPLY_BOXES: boxfile line 1420/u ((101,1409),(124,1431)): FAILURE! Couldn't find a matching blob
FAIL!
APPLY_BOXES: boxfile line 1421/ô ((142,1409),(163,1443)): FAILURE! Couldn't find a matching blob
FAIL!
APPLY_BOXES: boxfile line 1422/i ((183,1410),(193,1444)): FAILURE! Couldn't find a matching blob
FAIL!
APPLY_BOXES: boxfile line 1423/ô ((213,1409),(234,1443)): FAILURE! Couldn't find a matching blob
FAIL!
APPLY_BOXES: boxfile line 1424/i ((254,1410),(264,1444)): FAILURE! Couldn't find a matching blob
FAIL!
APPLY_BOXES: boxfile line 1425/ố ((284,1409),(305,1452)): FAILURE! Couldn't find a matching blob
FAIL!
APPLY_BOXES: boxfile line 1426/m ((324,1410),(360,1432)): FAILURE! Couldn't find a matching blob
FAIL!
APPLY_BOXES: boxfile line 1427/p ((378,1400),(400,1432)): FAILURE! Couldn't find a matching blob
FAIL!
APPLY_BOXES: boxfile line 1428/h ((418,1410),(441,1444)): FAILURE! Couldn't find a matching blob
FAIL!
APPLY_BOXES: boxfile line 1429/a ((461,1409),(481,1432)): FAILURE! Couldn't find a matching blob
FAIL!
APPLY_BOXES: boxfile line 1430/p ((497,1400),(519,1432)): FAILURE! Couldn't find a matching blob
FAIL!
APPLY_BOXES: boxfile line 1431/h ((538,1410),(561,1444)): FAILURE! Couldn't find a matching blob
FAIL!
APPLY_BOXES: boxfile line 1432/á ((581,1409),(601,1443)): FAILURE! Couldn't find a matching blob
FAIL!
APPLY_BOXES: boxfile line 1433/p ((617,1400),(639,1432)): FAILURE! Couldn't find a matching blob
FAIL!
APPLY_BOXES: boxfile line 1434/p ((658,1400),(680,1432)): FAILURE! Couldn't find a matching blob
FAIL!
APPLY_BOXES: boxfile line 1435/h ((699,1410),(722,1444)): FAILURE! Couldn't find a matching blob
FAIL!
APPLY_BOXES: boxfile line 1436/â ((741,1409),(761,1443)): FAILURE! Couldn't find a matching blob
FAIL!
APPLY_BOXES: boxfile line 1437/n ((778,1410),(801,1432)): FAILURE! Couldn't find a matching blob
FAIL!
APPLY_BOXES: boxfile line 1438/P ((819,1410),(844,1442)): FAILURE! Couldn't find a matching blob
FAIL!
APPLY_BOXES: boxfile line 1439/h ((862,1410),(885,1444)): FAILURE! Couldn't find a matching blob
FAIL!
APPLY_BOXES: boxfile line 1440/â ((905,1409),(924,1443)): FAILURE! Couldn't find a matching blob
FAIL!
APPLY_BOXES: boxfile line 1441/n ((941,1410),(964,1432)): FAILURE! Couldn't find a matching blob
FAIL!
APPLY_BOXES: boxfile line 1442/p ((982,1400),(1004,1432)): FAILURE! Couldn't find a matching blob
FAIL!
APPLY_BOXES: boxfile line 1443/h ((1022,1410),(1045,1444)): FAILURE! Couldn't find a matching blob
FAIL!
APPLY_BOXES: boxfile line 1444/ê ((1065,1409),(1083,1443)): FAILURE! Couldn't find a matching blob
FAIL!
APPLY_BOXES: boxfile line 1445/q ((1103,1400),(1125,1432)): FAILURE! Couldn't find a matching blob
FAIL!
APPLY_BOXES: boxfile line 1446/u ((1143,1409),(1166,1431)): FAILURE! Couldn't find a matching blob
FAIL!
APPLY_BOXES: boxfile line 1447/y ((1183,1400),(1205,1431)): FAILURE! Couldn't find a matching blob
FAIL!
APPLY_BOXES: boxfile line 1448/ề ((1226,1409),(1244,1452)): FAILURE! Couldn't find a matching blob
FAIL!
APPLY_BOXES: boxfile line 1449/n ((1262,1410),(1285,1432)): FAILURE! Couldn't find a matching blob
FAIL!
APPLY_BOXES: boxfile line 1450/q ((1305,1400),(1327,1432)): FAILURE! Couldn't find a matching blob
FAIL!
APPLY_BOXES: boxfile line 1451/u ((1344,1409),(1367,1431)): FAILURE! Couldn't find a matching blob
FAIL!
APPLY_BOXES: boxfile line 1452/y ((1384,1400),(1406,1431)): FAILURE! Couldn't find a matching blob
FAIL!
APPLY_BOXES: boxfile line 1453/ế ((1427,1409),(1445,1452)): FAILURE! Couldn't find a matching blob
FAIL!
APPLY_BOXES: boxfile line 1454/t ((1463,1409),(1476,1438)): FAILURE! Couldn't find a matching blob
FAIL!
APPLY_BOXES: boxfile line 1455/r ((1494,1410),(1509,1432)): FAILURE! Couldn't find a matching blob
FAIL!
APPLY_BOXES: boxfile line 1456/ì ((1527,1410),(1537,1443)): FAILURE! Couldn't find a matching blob
FAIL!
APPLY_BOXES: boxfile line 1457/r ((1557,1410),(1572,1432)): FAILURE! Couldn't find a matching blob
FAIL!
APPLY_BOXES: boxfile line 1458/ố ((1590,1409),(1611,1452)): FAILURE! Couldn't find a matching blob
FAIL!
APPLY_BOXES: boxfile line 1459/i ((1631,1410),(1641,1444)): FAILURE! Couldn't find a matching blob
FAIL!
APPLY_BOXES: boxfile line 1460/r ((1661,1410),(1676,1432)): FAILURE! Couldn't find a matching blob
FAIL!
APPLY_BOXES: boxfile line 1461/ớ ((1694,1409),(1718,1443)): FAILURE! Couldn't find a matching blob
FAIL!
APPLY_BOXES: boxfile line 1462/t ((1735,1409),(1748,1438)): FAILURE! Couldn't find a matching blob
FAIL!
APPLY_BOXES: boxfile line 1463/s ((1767,1409),(1782,1432)): FAILURE! Couldn't find a matching blob
FAIL!
APPLY_BOXES: boxfile line 1464/à ((1802,1409),(1822,1443)): FAILURE! Couldn't find a matching blob
FAIL!
APPLY_BOXES: boxfile line 1465/n ((1838,1410),(1861,1432)): FAILURE! Couldn't find a matching blob
FAIL!
APPLY_BOXES: boxfile line 1466/s ((1881,1409),(1896,1432)): FAILURE! Couldn't find a matching blob
FAIL!
APPLY_BOXES: boxfile line 1467/é ((1917,1409),(1935,1443)): FAILURE! Couldn't find a matching blob
FAIL!
APPLY_BOXES: boxfile line 1468/t ((1953,1409),(1966,1438)): FAILURE! Couldn't find a matching blob
FAIL!
APPLY_BOXES: boxfile line 1469/s ((1985,1409),(2000,1432)): FAILURE! Couldn't find a matching blob
FAIL!
APPLY_BOXES: boxfile line 1470/ó ((2020,1409),(2040,1443)): FAILURE! Couldn't find a matching blob
FAIL!
APPLY_BOXES: boxfile line 1471/n ((2059,1410),(2082,1432)): FAILURE! Couldn't find a matching blob
FAIL!
APPLY_BOXES: boxfile line 1472/g ((2101,1400),(2123,1432)): FAILURE! Couldn't find a matching blob
FAIL!
APPLY_BOXES: boxfile line 1473/t ((2141,1409),(2154,1438)): FAILURE! Couldn't find a matching blob
FAIL!
APPLY_BOXES: boxfile line 1474/à ((2173,1409),(2193,1443)): FAILURE! Couldn't find a matching blob
FAIL!
APPLY_BOXES: boxfile line 1475/t ((2209,1409),(2222,1438)): FAILURE! Couldn't find a matching blob
FAIL!
APPLY_BOXES: boxfile line 1476/á ((2241,1409),(2261,1443)): FAILURE! Couldn't find a matching blob
FAIL!
APPLY_BOXES: boxfile line 1477/n ((2277,1410),(2300,1432)): FAILURE! Couldn't find a matching blob
FAIL!
APPLY_BOXES: boxfile line 1478/t ((2318,1409),(2331,1438)): FAILURE! Couldn't find a matching blob
FAIL!
APPLY_BOXES: boxfile line 1479/ậ ((2350,1403),(2370,1443)): FAILURE! Couldn't find a matching blob
FAIL!
APPLY_BOXES: boxfile line 1480/t ((2386,1409),(2399,1438)): FAILURE! Couldn't find a matching blob
FAIL!
APPLY_BOXES: boxfile line 1481/T ((2418,1410),(2445,1442)): FAILURE! Couldn't find a matching blob
FAIL!
APPLY_BOXES: boxfile line 1482/e ((2465,1409),(2483,1432)): FAILURE! Couldn't find a matching blob
FAIL!
APPLY_BOXES: boxfile line 1483/x ((2501,1410),(2525,1431)): FAILURE! Couldn't find a matching blob
FAIL!
APPLY_BOXES: boxfile line 1484/a ((2544,1409),(2563,1433)): FAILURE! Couldn't find a matching blob
FAIL!
APPLY_BOXES: boxfile line 1552/y ((2541,1323),(2565,1356)): FAILURE! Couldn't find a matching blob
FAIL!
APPLY_BOXES: boxfile line 2117/u ((2553,649),(2578,672)): FAILURE! Couldn't find a matching blob
FAIL!
APPLY_BOXES: boxfile line 2305/c ((2542,345),(2560,369)): FAILURE! Couldn't find a matching blob
FAIL!
APPLY_BOXES: boxfile line 2369/ấ ((2542,269),(2562,313)): FAILURE! Couldn't find a matching blob
FAIL!
APPLY_BOXES: boxfile line 2498/v ((2544,117),(2568,140)): FAILURE! Couldn't find a matching blob
APPLY_BOXES:
   Boxes read from boxfile:    2498
   Boxes failed resegmentation:     206
   Found 2292 good blobs.
   Leaving 8 unlabelled blobs in 0 words.
Generated training data for 40 words
Page 2
Detected 123 diacritics
row xheight=34, but median xheight = 23.4615
row xheight=10, but median xheight = 23.4615
row xheight=10, but median xheight = 23.4615
row xheight=33, but median xheight = 23.4615
FAIL!
APPLY_BOXES: boxfile line 631/g ((2547,2463),(2569,2497)): FAILURE! Couldn't find a matching blob
FAIL!
APPLY_BOXES: boxfile line 824/n ((2546,2246),(2570,2269)): FAILURE! Couldn't find a matching blob
FAIL!
APPLY_BOXES: boxfile line 1263/t ((2555,1713),(2569,1743)): FAILURE! Couldn't find a matching blob
FAIL!
APPLY_BOXES: boxfile line 1748/, ((1984,1098),(1991,1109)): FAILURE! Couldn't find a matching blob
FAIL!
APPLY_BOXES: boxfile line 1763/t ((100,1029),(113,1058)): FAILURE! Couldn't find a matching blob
FAIL!
APPLY_BOXES: boxfile line 1764/a ((132,1029),(152,1052)): FAILURE! Couldn't find a matching blob
FAIL!
APPLY_BOXES: boxfile line 1765/A ((169,1030),(202,1063)): FAILURE! Couldn't find a matching blob
FAIL!
APPLY_BOXES: boxfile line 1766/à ((222,1029),(241,1063)): FAILURE! Couldn't find a matching blob
FAIL!
APPLY_BOXES: boxfile line 1767/À ((259,1030),(292,1073)): FAILURE! Couldn't find a matching blob
FAIL!
APPLY_BOXES: boxfile line 1768/ả ((311,1029),(331,1062)): FAILURE! Couldn't find a matching blob
FAIL!
APPLY_BOXES: boxfile line 1769/Ả ((348,1030),(381,1072)): FAILURE! Couldn't find a matching blob
FAIL!
APPLY_BOXES: boxfile line 1770/ã ((401,1029),(421,1061)): FAILURE! Couldn't find a matching blob
FAIL!
APPLY_BOXES: boxfile line 1771/Ã ((438,1030),(471,1071)): FAILURE! Couldn't find a matching blob
FAIL!
APPLY_BOXES: boxfile line 1772/á ((490,1029),(510,1063)): FAILURE! Couldn't find a matching blob
FAIL!
APPLY_BOXES: boxfile line 1773/Á ((528,1030),(561,1073)): FAILURE! Couldn't find a matching blob
FAIL!
APPLY_BOXES: boxfile line 1774/ạ ((580,1023),(600,1052)): FAILURE! Couldn't find a matching blob
FAIL!
APPLY_BOXES: boxfile line 1775/Ạ ((617,1023),(650,1063)): FAILURE! Couldn't find a matching blob
FAIL!
APPLY_BOXES: boxfile line 1776/ă ((670,1029),(689,1062)): FAILURE! Couldn't find a matching blob
FAIL!
APPLY_BOXES: boxfile line 1786/ặ ((1117,1023),(1137,1062)): FAILURE! Couldn't find a matching blob
FAIL!
APPLY_BOXES: boxfile line 1787/Ặ ((1154,1023),(1187,1072)): FAILURE! Couldn't find a matching blob
FAIL!
APPLY_BOXES: boxfile line 1788/â ((1207,1029),(1227,1063)): FAILURE! Couldn't find a matching blob
FAIL!
APPLY_BOXES: boxfile line 1798/ậ ((1655,1023),(1675,1063)): FAILURE! Couldn't find a matching blob
FAIL!
APPLY_BOXES: boxfile line 1799/Ậ ((1692,1023),(1725,1073)): FAILURE! Couldn't find a matching blob
FAIL!
APPLY_BOXES: boxfile line 1800/b ((1742,1029),(1764,1064)): FAILURE! Couldn't find a matching blob
FAIL!
APPLY_BOXES: boxfile line 1801/B ((1783,1030),(1812,1062)): FAILURE! Couldn't find a matching blob
FAIL!
APPLY_BOXES: boxfile line 1802/c ((1834,1029),(1852,1052)): FAILURE! Couldn't find a matching blob
FAIL!
APPLY_BOXES: boxfile line 1803/C ((1872,1029),(1900,1063)): FAILURE! Couldn't find a matching blob
FAIL!
APPLY_BOXES: boxfile line 1804/d ((1921,1029),(1943,1064)): FAILURE! Couldn't find a matching blob
FAIL!
APPLY_BOXES: boxfile line 1805/D ((1960,1030),(1993,1062)): FAILURE! Couldn't find a matching blob
FAIL!
APPLY_BOXES: boxfile line 1806/đ ((2013,1029),(2035,1064)): FAILURE! Couldn't find a matching blob
FAIL!
APPLY_BOXES: boxfile line 1807/Đ ((2053,1030),(2085,1062)): FAILURE! Couldn't find a matching blob
FAIL!
APPLY_BOXES: boxfile line 1808/e ((2105,1029),(2123,1052)): FAILURE! Couldn't find a matching blob
FAIL!
APPLY_BOXES: boxfile line 1809/E ((2142,1030),(2170,1062)): FAILURE! Couldn't find a matching blob
FAIL!
APPLY_BOXES: boxfile line 1810/è ((2190,1029),(2208,1063)): FAILURE! Couldn't find a matching blob
FAIL!
APPLY_BOXES: boxfile line 1811/È ((2226,1030),(2254,1073)): FAILURE! Couldn't find a matching blob
FAIL!
APPLY_BOXES: boxfile line 1812/ẻ ((2274,1029),(2292,1062)): FAILURE! Couldn't find a matching blob
FAIL!
APPLY_BOXES: boxfile line 1813/Ẻ ((2310,1030),(2338,1072)): FAILURE! Couldn't find a matching blob
FAIL!
APPLY_BOXES: boxfile line 1814/ẽ ((2358,1029),(2376,1061)): FAILURE! Couldn't find a matching blob
FAIL!
APPLY_BOXES: boxfile line 1815/Ẽ ((2395,1030),(2422,1071)): FAILURE! Couldn't find a matching blob
FAIL!
APPLY_BOXES: boxfile line 1816/é ((2442,1029),(2460,1063)): FAILURE! Couldn't find a matching blob
FAIL!
APPLY_BOXES: boxfile line 1817/É ((2479,1030),(2506,1073)): FAILURE! Couldn't find a matching blob
FAIL!
APPLY_BOXES: boxfile line 1818/ẹ ((102,947),(120,976)): FAILURE! Couldn't find a matching blob
FAIL!
APPLY_BOXES: boxfile line 1819/Ẹ ((139,947),(166,986)): FAILURE! Couldn't find a matching blob
FAIL!
APPLY_BOXES: boxfile line 1820/ê ((186,953),(204,987)): FAILURE! Couldn't find a matching blob
FAIL!
APPLY_BOXES: boxfile line 1830/ệ ((607,947),(625,987)): FAILURE! Couldn't find a matching blob
FAIL!
APPLY_BOXES: boxfile line 1831/Ệ ((644,947),(671,992)): FAILURE! Couldn't find a matching blob
FAIL!
APPLY_BOXES: boxfile line 1832/f ((691,954),(710,988)): FAILURE! Couldn't find a matching blob
FAIL!
APPLY_BOXES: boxfile line 1833/F ((723,954),(747,986)): FAILURE! Couldn't find a matching blob
FAIL!
APPLY_BOXES: boxfile line 1834/g ((767,944),(789,976)): FAILURE! Couldn't find a matching blob
FAIL!
APPLY_BOXES: boxfile line 1835/G ((809,953),(841,987)): FAILURE! Couldn't find a matching blob
FAIL!
APPLY_BOXES: boxfile line 1836/h ((858,954),(881,988)): FAILURE! Couldn't find a matching blob
FAIL!
APPLY_BOXES: boxfile line 1837/H ((899,954),(933,986)): FAILURE! Couldn't find a matching blob
FAIL!
APPLY_BOXES: boxfile line 1838/i ((951,954),(961,988)): FAILURE! Couldn't find a matching blob
FAIL!
APPLY_BOXES: boxfile line 1839/I ((981,954),(996,986)): FAILURE! Couldn't find a matching blob
FAIL!
APPLY_BOXES: boxfile line 1840/ì ((1014,954),(1024,987)): FAILURE! Couldn't find a matching blob
FAIL!
APPLY_BOXES: boxfile line 1841/Ì ((1044,954),(1058,997)): FAILURE! Couldn't find a matching blob
FAIL!
APPLY_BOXES: boxfile line 1842/ỉ ((1077,954),(1087,986)): FAILURE! Couldn't find a matching blob
FAIL!
APPLY_BOXES: boxfile line 1843/Ỉ ((1107,954),(1121,996)): FAILURE! Couldn't find a matching blob
FAIL!
APPLY_BOXES: boxfile line 1844/ĩ ((1138,954),(1153,986)): FAILURE! Couldn't find a matching blob
FAIL!
APPLY_BOXES: boxfile line 1845/Ĩ ((1169,954),(1184,995)): FAILURE! Couldn't find a matching blob
FAIL!
APPLY_BOXES: boxfile line 1846/í ((1203,954),(1213,987)): FAILURE! Couldn't find a matching blob
FAIL!
APPLY_BOXES: boxfile line 1847/Í ((1233,954),(1247,997)): FAILURE! Couldn't find a matching blob
FAIL!
APPLY_BOXES: boxfile line 1848/ị ((1266,947),(1276,988)): FAILURE! Couldn't find a matching blob
FAIL!
APPLY_BOXES: boxfile line 1849/Ị ((1296,947),(1310,986)): FAILURE! Couldn't find a matching blob
FAIL!
APPLY_BOXES: boxfile line 1850/j ((1324,944),(1336,988)): FAILURE! Couldn't find a matching blob
FAIL!
APPLY_BOXES: boxfile line 1851/J ((1359,953),(1377,986)): FAILURE! Couldn't find a matching blob
FAIL!
APPLY_BOXES: boxfile line 1852/k ((1395,954),(1417,988)): FAILURE! Couldn't find a matching blob
FAIL!
APPLY_BOXES: boxfile line 1853/K ((1435,954),(1469,986)): FAILURE! Couldn't find a matching blob
FAIL!
APPLY_BOXES: boxfile line 1854/l ((1487,954),(1497,988)): FAILURE! Couldn't find a matching blob
FAIL!
APPLY_BOXES: boxfile line 1855/L ((1516,954),(1544,986)): FAILURE! Couldn't find a matching blob
FAIL!
APPLY_BOXES: boxfile line 1856/m ((1563,954),(1599,976)): FAILURE! Couldn't find a matching blob
FAIL!
APPLY_BOXES: boxfile line 1857/M ((1616,954),(1658,986)): FAILURE! Couldn't find a matching blob
FAIL!
APPLY_BOXES: boxfile line 1858/n ((1676,954),(1699,976)): FAILURE! Couldn't find a matching blob
FAIL!
APPLY_BOXES: boxfile line 1859/N ((1716,953),(1751,986)): FAILURE! Couldn't find a matching blob
FAIL!
APPLY_BOXES: boxfile line 1860/o ((1769,953),(1790,976)): FAILURE! Couldn't find a matching blob
FAIL!
APPLY_BOXES: boxfile line 1861/O ((1811,953),(1842,987)): FAILURE! Couldn't find a matching blob
FAIL!
APPLY_BOXES: boxfile line 1862/ò ((1861,953),(1882,987)): FAILURE! Couldn't find a matching blob
FAIL!
APPLY_BOXES: boxfile line 1863/Ò ((1903,953),(1934,997)): FAILURE! Couldn't find a matching blob
FAIL!
APPLY_BOXES: boxfile line 1864/ỏ ((1954,953),(1974,986)): FAILURE! Couldn't find a matching blob
FAIL!
APPLY_BOXES: boxfile line 1865/Ỏ ((1995,953),(2026,996)): FAILURE! Couldn't find a matching blob
FAIL!
APPLY_BOXES: boxfile line 1866/õ ((2046,953),(2067,985)): FAILURE! Couldn't find a matching blob
FAIL!
APPLY_BOXES: boxfile line 1867/Õ ((2088,953),(2119,995)): FAILURE! Couldn't find a matching blob
FAIL!
APPLY_BOXES: boxfile line 1868/ó ((2138,953),(2159,987)): FAILURE! Couldn't find a matching blob
FAIL!
APPLY_BOXES: boxfile line 1869/Ó ((2180,953),(2211,997)): FAILURE! Couldn't find a matching blob
FAIL!
APPLY_BOXES: boxfile line 1870/ọ ((2230,947),(2251,976)): FAILURE! Couldn't find a matching blob
FAIL!
APPLY_BOXES: boxfile line 1871/Ọ ((2272,947),(2303,987)): FAILURE! Couldn't find a matching blob
FAIL!
APPLY_BOXES: boxfile line 1872/ô ((2323,953),(2344,987)): FAILURE! Couldn't find a matching blob
FAIL!
APPLY_BOXES: boxfile line 1873/Ô ((2364,953),(2395,997)): FAILURE! Couldn't find a matching blob
FAIL!
APPLY_BOXES: boxfile line 1874/ồ ((2415,953),(2436,996)): FAILURE! Couldn't find a matching blob
FAIL!
APPLY_BOXES: boxfile line 1875/Ồ ((2457,953),(2488,997)): FAILURE! Couldn't find a matching blob
FAIL!
APPLY_BOXES: boxfile line 1876/ổ ((2507,953),(2528,996)): FAILURE! Couldn't find a matching blob
APPLY_BOXES:
   Boxes read from boxfile:    1949
   Boxes failed resegmentation:      91
   Found 1858 good blobs.
   Leaving 3 unlabelled blobs in 0 words.
Generated training data for 33 words

** Compute the Character Set **
[C:\Users\Seni'sPC\PycharmProjects\Train-data-ocr\jTessBoxEditor\tesseract-ocr/unicharset_extractor, vie.timesnewroman.exp0.box]
Extracting unicharset from box file vie.timesnewroman.exp0.box
Wrote unicharset file unicharset

[C:\Users\Seni'sPC\PycharmProjects\Train-data-ocr\jTessBoxEditor\tesseract-ocr/set_unicharset_properties, -U, unicharset, -O, unicharset, --script_dir=C:\Users\Seni'sPC\PycharmProjects\Train-data-ocr\jTessBoxEditor\samples\vie]
Loaded unicharset of size 234 from file unicharset
Setting unichar properties
Setting script properties
Failed to load script unicharset from:C:\Users\Seni'sPC\PycharmProjects\Train-data-ocr\jTessBoxEditor\samples\vie/Latin.unicharset
Warning: properties incomplete for index 3 = a
Warning: properties incomplete for index 4 = A
Warning: properties incomplete for index 5 = à
Warning: properties incomplete for index 6 = À
Warning: properties incomplete for index 7 = ả
Warning: properties incomplete for index 8 = Ả
Warning: properties incomplete for index 9 = ã
Warning: properties incomplete for index 10 = Ã
Warning: properties incomplete for index 11 = á
Warning: properties incomplete for index 12 = Á
Warning: properties incomplete for index 13 = ạ
Warning: properties incomplete for index 14 = Ạ
Warning: properties incomplete for index 15 = ă
Warning: properties incomplete for index 16 = Ă
Warning: properties incomplete for index 17 = ằ
Warning: properties incomplete for index 18 = Ằ
Warning: properties incomplete for index 19 = ẳ
Warning: properties incomplete for index 20 = Ẳ
Warning: properties incomplete for index 21 = ẵ
Warning: properties incomplete for index 22 = Ẵ
Warning: properties incomplete for index 23 = ắ
Warning: properties incomplete for index 24 = Ắ
Warning: properties incomplete for index 25 = ặ
Warning: properties incomplete for index 26 = Ặ
Warning: properties incomplete for index 27 = â
Warning: properties incomplete for index 28 = Â
Warning: properties incomplete for index 29 = ầ
Warning: properties incomplete for index 30 = Ầ
Warning: properties incomplete for index 31 = ẩ
Warning: properties incomplete for index 32 = Ẩ
Warning: properties incomplete for index 33 = ẫ
Warning: properties incomplete for index 34 = Ẫ
Warning: properties incomplete for index 35 = ấ
Warning: properties incomplete for index 36 = Ấ
Warning: properties incomplete for index 37 = ậ
Warning: properties incomplete for index 38 = Ậ
Warning: properties incomplete for index 39 = b
Warning: properties incomplete for index 40 = B
Warning: properties incomplete for index 41 = c
Warning: properties incomplete for index 42 = C
Warning: properties incomplete for index 43 = d
Warning: properties incomplete for index 44 = D
Warning: properties incomplete for index 45 = đ
Warning: properties incomplete for index 46 = Đ
Warning: properties incomplete for index 47 = e
Warning: properties incomplete for index 48 = E
Warning: properties incomplete for index 49 = è
Warning: properties incomplete for index 50 = È
Warning: properties incomplete for index 51 = ẻ
Warning: properties incomplete for index 52 = Ẻ
Warning: properties incomplete for index 53 = ẽ
Warning: properties incomplete for index 54 = Ẽ
Warning: properties incomplete for index 55 = é
Warning: properties incomplete for index 56 = É
Warning: properties incomplete for index 57 = ẹ
Warning: properties incomplete for index 58 = Ẹ
Warning: properties incomplete for index 59 = ê
Warning: properties incomplete for index 60 = Ê
Warning: properties incomplete for index 61 = ề
Warning: properties incomplete for index 62 = Ề
Warning: properties incomplete for index 63 = ể
Warning: properties incomplete for index 64 = Ể
Warning: properties incomplete for index 65 = ễ
Warning: properties incomplete for index 66 = Ễ
Warning: properties incomplete for index 67 = ế
Warning: properties incomplete for index 68 = Ế
Warning: properties incomplete for index 69 = ệ
Warning: properties incomplete for index 70 = Ệ
Warning: properties incomplete for index 71 = f
Warning: properties incomplete for index 72 = F
Warning: properties incomplete for index 73 = g
Warning: properties incomplete for index 74 = G
Warning: properties incomplete for index 75 = h
Warning: properties incomplete for index 76 = H
Warning: properties incomplete for index 77 = i
Warning: properties incomplete for index 78 = I
Warning: properties incomplete for index 79 = ì
Warning: properties incomplete for index 80 = Ì
Warning: properties incomplete for index 81 = ỉ
Warning: properties incomplete for index 82 = Ỉ
Warning: properties incomplete for index 83 = ĩ
Warning: properties incomplete for index 84 = Ĩ
Warning: properties incomplete for index 85 = í
Warning: properties incomplete for index 86 = Í
Warning: properties incomplete for index 87 = ị
Warning: properties incomplete for index 88 = Ị
Warning: properties incomplete for index 89 = j
Warning: properties incomplete for index 90 = J
Warning: properties incomplete for index 91 = k
Warning: properties incomplete for index 92 = K
Warning: properties incomplete for index 93 = l
Warning: properties incomplete for index 94 = L
Warning: properties incomplete for index 95 = m
Warning: properties incomplete for index 96 = M
Warning: properties incomplete for index 97 = n
Warning: properties incomplete for index 98 = N
Warning: properties incomplete for index 99 = o
Warning: properties incomplete for index 100 = O
Warning: properties incomplete for index 101 = ò
Warning: properties incomplete for index 102 = Ò
Warning: properties incomplete for index 103 = ỏ
Warning: properties incomplete for index 104 = Ỏ
Warning: properties incomplete for index 105 = õ
Warning: properties incomplete for index 106 = Õ
Warning: properties incomplete for index 107 = ó
Warning: properties incomplete for index 108 = Ó
Warning: properties incomplete for index 109 = ọ
Warning: properties incomplete for index 110 = Ọ
Warning: properties incomplete for index 111 = ô
Warning: properties incomplete for index 112 = Ô
Warning: properties incomplete for index 113 = ồ
Warning: properties incomplete for index 114 = Ồ
Warning: properties incomplete for index 115 = ổ
Warning: properties incomplete for index 116 = Ổ
Warning: properties incomplete for index 117 = ỗ
Warning: properties incomplete for index 118 = Ỗ
Warning: properties incomplete for index 119 = ố
Warning: properties incomplete for index 120 = Ố
Warning: properties incomplete for index 121 = ộ
Warning: properties incomplete for index 122 = Ộ
Warning: properties incomplete for index 123 = ơ
Warning: properties incomplete for index 124 = Ơ
Warning: properties incomplete for index 125 = ờ
Warning: properties incomplete for index 126 = Ờ
Warning: properties incomplete for index 127 = ở
Warning: properties incomplete for index 128 = Ở
Warning: properties incomplete for index 129 = ỡ
Warning: properties incomplete for index 130 = Ỡ
Warning: properties incomplete for index 131 = ớ
Warning: properties incomplete for index 132 = Ớ
Warning: properties incomplete for index 133 = ợ
Warning: properties incomplete for index 134 = Ợ
Warning: properties incomplete for index 135 = p
Warning: properties incomplete for index 136 = P
Warning: properties incomplete for index 137 = q
Warning: properties incomplete for index 138 = Q
Warning: properties incomplete for index 139 = r
Warning: properties incomplete for index 140 = R
Warning: properties incomplete for index 141 = s
Warning: properties incomplete for index 142 = S
Warning: properties incomplete for index 143 = t
Warning: properties incomplete for index 144 = T
Warning: properties incomplete for index 145 = u
Warning: properties incomplete for index 146 = U
Warning: properties incomplete for index 147 = ù
Warning: properties incomplete for index 148 = Ù
Warning: properties incomplete for index 149 = ủ
Warning: properties incomplete for index 150 = Ủ
Warning: properties incomplete for index 151 = ũ
Warning: properties incomplete for index 152 = Ũ
Warning: properties incomplete for index 153 = ú
Warning: properties incomplete for index 154 = Ú
Warning: properties incomplete for index 155 = ụ
Warning: properties incomplete for index 156 = Ụ
Warning: properties incomplete for index 157 = ư
Warning: properties incomplete for index 158 = Ư
Warning: properties incomplete for index 159 = ừ
Warning: properties incomplete for index 160 = Ừ
Warning: properties incomplete for index 161 = ử
Warning: properties incomplete for index 162 = Ử
Warning: properties incomplete for index 163 = ữ
Warning: properties incomplete for index 164 = Ữ
Warning: properties incomplete for index 165 = ứ
Warning: properties incomplete for index 166 = Ứ
Warning: properties incomplete for index 167 = ự
Warning: properties incomplete for index 168 = Ự
Warning: properties incomplete for index 169 = v
Warning: properties incomplete for index 170 = V
Warning: properties incomplete for index 171 = w
Warning: properties incomplete for index 172 = W
Warning: properties incomplete for index 173 = x
Warning: properties incomplete for index 174 = X
Warning: properties incomplete for index 175 = y
Warning: properties incomplete for index 176 = Y
Warning: properties incomplete for index 177 = ỳ
Warning: properties incomplete for index 178 = Ỳ
Warning: properties incomplete for index 179 = ỷ
Warning: properties incomplete for index 180 = Ỷ
Warning: properties incomplete for index 181 = ỹ
Warning: properties incomplete for index 182 = Ỹ
Warning: properties incomplete for index 183 = ý
Warning: properties incomplete for index 184 = Ý
Warning: properties incomplete for index 185 = ỵ
Warning: properties incomplete for index 186 = Ỵ
Warning: properties incomplete for index 187 = z
Warning: properties incomplete for index 188 = Z
Warning: properties incomplete for index 189 = 1
Warning: properties incomplete for index 190 = 2
Warning: properties incomplete for index 191 = 3
Warning: properties incomplete for index 192 = 4
Warning: properties incomplete for index 193 = 5
Warning: properties incomplete for index 194 = 6
Warning: properties incomplete for index 195 = 7
Warning: properties incomplete for index 196 = 8
Warning: properties incomplete for index 197 = 9
Warning: properties incomplete for index 198 = 0
Warning: properties incomplete for index 199 = @
Warning: properties incomplete for index 200 = «
Warning: properties incomplete for index 201 = »
Warning: properties incomplete for index 202 = “
Warning: properties incomplete for index 203 = ”
Warning: properties incomplete for index 204 = =
Warning: properties incomplete for index 205 = +
Warning: properties incomplete for index 206 = -
Warning: properties incomplete for index 207 = —
Warning: properties incomplete for index 208 = –
Warning: properties incomplete for index 209 = '
Warning: properties incomplete for index 210 = $
Warning: properties incomplete for index 211 = ?
Warning: properties incomplete for index 212 = ,
Warning: properties incomplete for index 213 = \
Warning: properties incomplete for index 214 = /
Warning: properties incomplete for index 215 = .
Warning: properties incomplete for index 216 = !
Warning: properties incomplete for index 217 = &
Warning: properties incomplete for index 218 = *
Warning: properties incomplete for index 219 = (
Warning: properties incomplete for index 220 = )
Warning: properties incomplete for index 221 = <
Warning: properties incomplete for index 222 = >
Warning: properties incomplete for index 223 = :
Warning: properties incomplete for index 224 = ;
Warning: properties incomplete for index 225 = "
Warning: properties incomplete for index 226 = {
Warning: properties incomplete for index 227 = }
Warning: properties incomplete for index 228 = ‘
Warning: properties incomplete for index 229 = ’
Warning: properties incomplete for index 230 = [
Warning: properties incomplete for index 231 = ]
Warning: properties incomplete for index 232 = #
Warning: properties incomplete for index 233 = %
Writing unicharset to file unicharset

** Shape Clustering **
[C:\Users\Seni'sPC\PycharmProjects\Train-data-ocr\jTessBoxEditor\tesseract-ocr/shapeclustering, -F, vie.font_properties, -U, unicharset, vie.timesnewroman.exp0.tr]
Reading vie.timesnewroman.exp0.tr ...
Building master shape table
Computing shape distances...
Stopped with 0 merged, min dist 999.000000
Computing shape distances...
Stopped with 0 merged, min dist 999.000000
Computing shape distances...
Stopped with 0 merged, min dist 999.000000
Computing shape distances... 0
Stopped with 0 merged, min dist 999.000000
Computing shape distances... 0
Stopped with 0 merged, min dist 999.000000
Computing shape distances... 0
Stopped with 0 merged, min dist 999.000000
Computing shape distances...
Stopped with 0 merged, min dist 999.000000
Computing shape distances... 0
Stopped with 0 merged, min dist 999.000000
Computing shape distances...
Stopped with 0 merged, min dist 999.000000
Computing shape distances... 0
Stopped with 0 merged, min dist 999.000000
Computing shape distances...
Stopped with 0 merged, min dist 999.000000
Computing shape distances... 0
Stopped with 0 merged, min dist 999.000000
Computing shape distances...
Stopped with 0 merged, min dist 999.000000
Computing shape distances... 0
Stopped with 0 merged, min dist 999.000000
Computing shape distances...
Stopped with 0 merged, min dist 999.000000
Computing shape distances... 0
Stopped with 0 merged, min dist 999.000000
Computing shape distances... 0
Stopped with 0 merged, min dist 999.000000
Computing shape distances... 0
Stopped with 0 merged, min dist 999.000000
Computing shape distances... 0
Stopped with 0 merged, min dist 999.000000
Computing shape distances... 0
Stopped with 0 merged, min dist 999.000000
Computing shape distances... 0
Stopped with 0 merged, min dist 999.000000
Computing shape distances... 0
Stopped with 0 merged, min dist 999.000000
Computing shape distances... 0
Stopped with 0 merged, min dist 999.000000
Computing shape distances... 0
Stopped with 0 merged, min dist 999.000000
Computing shape distances... 0
Stopped with 0 merged, min dist 999.000000
Computing shape distances... 0
Stopped with 0 merged, min dist 999.000000
Computing shape distances...
Stopped with 0 merged, min dist 999.000000
Computing shape distances... 0
Stopped with 0 merged, min dist 999.000000
Computing shape distances... 0
Stopped with 0 merged, min dist 999.000000
Computing shape distances... 0
Stopped with 0 merged, min dist 999.000000
Computing shape distances... 0
Stopped with 0 merged, min dist 999.000000
Computing shape distances... 0
Stopped with 0 merged, min dist 999.000000
Computing shape distances... 0
Stopped with 0 merged, min dist 999.000000
Computing shape distances... 0
Stopped with 0 merged, min dist 999.000000
Computing shape distances... 0
Stopped with 0 merged, min dist 999.000000
Computing shape distances... 0
Stopped with 0 merged, min dist 999.000000
Computing shape distances... 0
Stopped with 0 merged, min dist 999.000000
Computing shape distances... 0
Stopped with 0 merged, min dist 999.000000
Computing shape distances...
Stopped with 0 merged, min dist 999.000000
Computing shape distances... 0
Stopped with 0 merged, min dist 999.000000
Computing shape distances... 0
Stopped with 0 merged, min dist 999.000000
Computing shape distances... 0
Stopped with 0 merged, min dist 999.000000
Computing shape distances... 0
Stopped with 0 merged, min dist 999.000000
Computing shape distances... 0
Stopped with 0 merged, min dist 999.000000
Computing shape distances... 0
Stopped with 0 merged, min dist 999.000000
Computing shape distances... 0
Stopped with 0 merged, min dist 999.000000
Computing shape distances... 0
Stopped with 0 merged, min dist 999.000000
Computing shape distances... 0
Stopped with 0 merged, min dist 999.000000
Computing shape distances... 0
Stopped with 0 merged, min dist 999.000000
Computing shape distances... 0
Stopped with 0 merged, min dist 999.000000
Computing shape distances...
Stopped with 0 merged, min dist 999.000000
Computing shape distances... 0
Stopped with 0 merged, min dist 999.000000
Computing shape distances...
Stopped with 0 merged, min dist 999.000000
Computing shape distances... 0
Stopped with 0 merged, min dist 999.000000
Computing shape distances...
Stopped with 0 merged, min dist 999.000000
Computing shape distances... 0
Stopped with 0 merged, min dist 999.000000
Computing shape distances...
Stopped with 0 merged, min dist 999.000000
Computing shape distances... 0
Stopped with 0 merged, min dist 999.000000
Computing shape distances...
Stopped with 0 merged, min dist 999.000000
Computing shape distances... 0
Stopped with 0 merged, min dist 999.000000
Computing shape distances... 0
Stopped with 0 merged, min dist 999.000000
Computing shape distances... 0
Stopped with 0 merged, min dist 999.000000
Computing shape distances... 0
Stopped with 0 merged, min dist 999.000000
Computing shape distances... 0
Stopped with 0 merged, min dist 999.000000
Computing shape distances... 0
Stopped with 0 merged, min dist 999.000000
Computing shape distances... 0
Stopped with 0 merged, min dist 999.000000
Computing shape distances... 0
Stopped with 0 merged, min dist 999.000000
Computing shape distances... 0
Stopped with 0 merged, min dist 999.000000
Computing shape distances... 0
Stopped with 0 merged, min dist 999.000000
Computing shape distances... 0
Stopped with 0 merged, min dist 999.000000
Computing shape distances...
Stopped with 0 merged, min dist 999.000000
Computing shape distances... 0
Stopped with 0 merged, min dist 999.000000
Computing shape distances...
Stopped with 0 merged, min dist 999.000000
Computing shape distances... 0
Stopped with 0 merged, min dist 999.000000
Computing shape distances... 0
Stopped with 0 merged, min dist 999.000000
Computing shape distances... 0
Stopped with 0 merged, min dist 999.000000
Computing shape distances... 0
Stopped with 0 merged, min dist 999.000000
Computing shape distances... 0
Stopped with 0 merged, min dist 999.000000
Computing shape distances... 0
Stopped with 0 merged, min dist 999.000000
Computing shape distances... 0
Stopped with 0 merged, min dist 999.000000
Computing shape distances...
Stopped with 0 merged, min dist 999.000000
Computing shape distances... 0
Stopped with 0 merged, min dist 999.000000
Computing shape distances...
Stopped with 0 merged, min dist 999.000000
Computing shape distances... 0
Stopped with 0 merged, min dist 999.000000
Computing shape distances... 0
Stopped with 0 merged, min dist 999.000000
Computing shape distances... 0
Stopped with 0 merged, min dist 999.000000
Computing shape distances...
Stopped with 0 merged, min dist 999.000000
Computing shape distances... 0
Stopped with 0 merged, min dist 999.000000
Computing shape distances...
Stopped with 0 merged, min dist 999.000000
Computing shape distances...
Stopped with 0 merged, min dist 999.000000
Computing shape distances...
Stopped with 0 merged, min dist 999.000000
Computing shape distances... 0
Stopped with 0 merged, min dist 999.000000
Computing shape distances... 0
Stopped with 0 merged, min dist 999.000000
Computing shape distances... 0
Stopped with 0 merged, min dist 999.000000
Computing shape distances... 0
Stopped with 0 merged, min dist 999.000000
Computing shape distances... 0
Stopped with 0 merged, min dist 999.000000
Computing shape distances... 0
Stopped with 0 merged, min dist 999.000000
Computing shape distances... 0
Stopped with 0 merged, min dist 999.000000
Computing shape distances... 0
Stopped with 0 merged, min dist 999.000000
Computing shape distances... 0
Stopped with 0 merged, min dist 999.000000
Computing shape distances... 0
Stopped with 0 merged, min dist 999.000000
Computing shape distances... 0
Stopped with 0 merged, min dist 999.000000
Computing shape distances...
Stopped with 0 merged, min dist 999.000000
Computing shape distances... 0
Stopped with 0 merged, min dist 999.000000
Computing shape distances...
Stopped with 0 merged, min dist 999.000000
Computing shape distances... 0
Stopped with 0 merged, min dist 999.000000
Computing shape distances...
Stopped with 0 merged, min dist 999.000000
Computing shape distances... 0
Stopped with 0 merged, min dist 999.000000
Computing shape distances...
Stopped with 0 merged, min dist 999.000000
Computing shape distances... 0
Stopped with 0 merged, min dist 999.000000
Computing shape distances...
Stopped with 0 merged, min dist 999.000000
Computing shape distances... 0
Stopped with 0 merged, min dist 999.000000
Computing shape distances... 0
Stopped with 0 merged, min dist 999.000000
Computing shape distances... 0
Stopped with 0 merged, min dist 999.000000
Computing shape distances...
Stopped with 0 merged, min dist 999.000000
Computing shape distances... 0
Stopped with 0 merged, min dist 999.000000
Computing shape distances... 0
Stopped with 0 merged, min dist 999.000000
Computing shape distances... 0
Stopped with 0 merged, min dist 999.000000
Computing shape distances... 0
Stopped with 0 merged, min dist 999.000000
Computing shape distances... 0
Stopped with 0 merged, min dist 999.000000
Computing shape distances... 0
Stopped with 0 merged, min dist 999.000000
Computing shape distances... 0
Stopped with 0 merged, min dist 999.000000
Computing shape distances... 0
Stopped with 0 merged, min dist 999.000000
Computing shape distances... 0
Stopped with 0 merged, min dist 999.000000
Computing shape distances... 0
Stopped with 0 merged, min dist 999.000000
Computing shape distances... 0
Stopped with 0 merged, min dist 999.000000
Computing shape distances... 0
Stopped with 0 merged, min dist 999.000000
Computing shape distances... 0
Stopped with 0 merged, min dist 999.000000
Computing shape distances... 0
Stopped with 0 merged, min dist 999.000000
Computing shape distances... 0
Stopped with 0 merged, min dist 999.000000
Computing shape distances... 0
Stopped with 0 merged, min dist 999.000000
Computing shape distances... 0
Stopped with 0 merged, min dist 999.000000
Computing shape distances... 0
Stopped with 0 merged, min dist 999.000000
Computing shape distances... 0
Stopped with 0 merged, min dist 999.000000
Computing shape distances... 0
Stopped with 0 merged, min dist 999.000000
Computing shape distances... 0
Stopped with 0 merged, min dist 999.000000
Computing shape distances... 0
Stopped with 0 merged, min dist 999.000000
Computing shape distances... 0
Stopped with 0 merged, min dist 999.000000
Computing shape distances... 0
Stopped with 0 merged, min dist 999.000000
Computing shape distances... 0
Stopped with 0 merged, min dist 999.000000
Computing shape distances... 0
Stopped with 0 merged, min dist 999.000000
Computing shape distances... 0
Stopped with 0 merged, min dist 999.000000
Computing shape distances... 0
Stopped with 0 merged, min dist 999.000000
Computing shape distances... 0
Stopped with 0 merged, min dist 999.000000
Computing shape distances... 0
Stopped with 0 merged, min dist 999.000000
Computing shape distances... 0
Stopped with 0 merged, min dist 999.000000
Computing shape distances... 0
Stopped with 0 merged, min dist 999.000000
Computing shape distances... 0
Stopped with 0 merged, min dist 999.000000
Computing shape distances... 0
Stopped with 0 merged, min dist 999.000000
Computing shape distances... 0
Stopped with 0 merged, min dist 999.000000
Computing shape distances... 0
Stopped with 0 merged, min dist 999.000000
Computing shape distances... 0
Stopped with 0 merged, min dist 999.000000
Computing shape distances... 0
Stopped with 0 merged, min dist 999.000000
Computing shape distances... 0
Stopped with 0 merged, min dist 999.000000
Computing shape distances... 0
Stopped with 0 merged, min dist 999.000000
Computing shape distances... 0
Stopped with 0 merged, min dist 999.000000
Computing shape distances... 0
Stopped with 0 merged, min dist 999.000000
Computing shape distances... 0
Stopped with 0 merged, min dist 999.000000
Computing shape distances... 0
Stopped with 0 merged, min dist 999.000000
Computing shape distances... 0
Stopped with 0 merged, min dist 999.000000
Computing shape distances... 0
Stopped with 0 merged, min dist 999.000000
Computing shape distances... 0
Stopped with 0 merged, min dist 999.000000
Computing shape distances... 0
Stopped with 0 merged, min dist 999.000000
Computing shape distances... 0
Stopped with 0 merged, min dist 999.000000
Computing shape distances... 0
Stopped with 0 merged, min dist 999.000000
Computing shape distances... 0
Stopped with 0 merged, min dist 999.000000
Computing shape distances... 0
Stopped with 0 merged, min dist 999.000000
Computing shape distances... 0
Stopped with 0 merged, min dist 999.000000
Computing shape distances... 0
Stopped with 0 merged, min dist 999.000000
Computing shape distances... 0
Stopped with 0 merged, min dist 999.000000
Computing shape distances... 0
Stopped with 0 merged, min dist 999.000000
Computing shape distances... 0
Stopped with 0 merged, min dist 999.000000
Computing shape distances... 0
Stopped with 0 merged, min dist 999.000000
Computing shape distances... 0
Stopped with 0 merged, min dist 999.000000
Computing shape distances... 0
Stopped with 0 merged, min dist 999.000000
Computing shape distances... 0
Stopped with 0 merged, min dist 999.000000
Computing shape distances... 0
Stopped with 0 merged, min dist 999.000000
Computing shape distances... 0
Stopped with 0 merged, min dist 999.000000
Computing shape distances... 0
Stopped with 0 merged, min dist 999.000000
Computing shape distances... 0
Stopped with 0 merged, min dist 999.000000
Computing shape distances... 0
Stopped with 0 merged, min dist 999.000000
Computing shape distances... 0
Stopped with 0 merged, min dist 999.000000
Computing shape distances... 0
Stopped with 0 merged, min dist 999.000000
Computing shape distances... 0
Stopped with 0 merged, min dist 999.000000
Computing shape distances... 0
Stopped with 0 merged, min dist 999.000000
Computing shape distances... 0
Stopped with 0 merged, min dist 999.000000
Computing shape distances... 0
Stopped with 0 merged, min dist 999.000000
Computing shape distances... 0
Stopped with 0 merged, min dist 999.000000
Computing shape distances... 0
Stopped with 0 merged, min dist 999.000000
Computing shape distances... 0
Stopped with 0 merged, min dist 999.000000
Computing shape distances... 0
Stopped with 0 merged, min dist 999.000000
Computing shape distances... 0
Stopped with 0 merged, min dist 999.000000
Computing shape distances... 0
Stopped with 0 merged, min dist 999.000000
Computing shape distances... 0
Stopped with 0 merged, min dist 999.000000
Computing shape distances... 0
Stopped with 0 merged, min dist 999.000000
Computing shape distances... 0
Stopped with 0 merged, min dist 999.000000
Computing shape distances... 0
Stopped with 0 merged, min dist 999.000000
Computing shape distances... 0
Stopped with 0 merged, min dist 999.000000
Computing shape distances... 0
Stopped with 0 merged, min dist 999.000000
Computing shape distances... 0
Stopped with 0 merged, min dist 999.000000
Computing shape distances... 0
Stopped with 0 merged, min dist 999.000000
Computing shape distances... 0
Stopped with 0 merged, min dist 999.000000
Computing shape distances... 0
Stopped with 0 merged, min dist 999.000000
Computing shape distances... 0
Stopped with 0 merged, min dist 999.000000
Computing shape distances... 0
Stopped with 0 merged, min dist 999.000000
Computing shape distances... 0
Stopped with 0 merged, min dist 999.000000
Computing shape distances... 0
Stopped with 0 merged, min dist 999.000000
Computing shape distances... 0
Stopped with 0 merged, min dist 999.000000
Computing shape distances... 0
Stopped with 0 merged, min dist 999.000000
Computing shape distances... 0
Stopped with 0 merged, min dist 999.000000
Computing shape distances... 0
Stopped with 0 merged, min dist 999.000000
Computing shape distances... 0
Stopped with 0 merged, min dist 999.000000
Computing shape distances... 0
Stopped with 0 merged, min dist 999.000000
Computing shape distances... 0
Stopped with 0 merged, min dist 999.000000
Computing shape distances... 0
Stopped with 0 merged, min dist 999.000000
Computing shape distances... 0
Stopped with 0 merged, min dist 999.000000
Computing shape distances... 0
Stopped with 0 merged, min dist 999.000000
Computing shape distances... 0
Stopped with 0 merged, min dist 999.000000
Computing shape distances... 0
Stopped with 0 merged, min dist 999.000000
Computing shape distances... 0
Stopped with 0 merged, min dist 999.000000
Computing shape distances... 0
Stopped with 0 merged, min dist 999.000000
Computing shape distances... 0
Stopped with 0 merged, min dist 999.000000
Computing shape distances... 0
Stopped with 0 merged, min dist 999.000000
Computing shape distances... 0
Stopped with 0 merged, min dist 999.000000
Computing shape distances... 0
Stopped with 0 merged, min dist 999.000000
Computing shape distances... 0
Stopped with 0 merged, min dist 999.000000
Computing shape distances... 0
Stopped with 0 merged, min dist 999.000000
Computing shape distances... 0
Stopped with 0 merged, min dist 999.000000
Computing shape distances... 0
Stopped with 0 merged, min dist 999.000000
Computing shape distances... 0
Stopped with 0 merged, min dist 999.000000
Computing shape distances... 0
Stopped with 0 merged, min dist 999.000000
Computing shape distances... 0
Stopped with 0 merged, min dist 999.000000
Computing shape distances... 0
Stopped with 0 merged, min dist 999.000000
Computing shape distances... 0
Stopped with 0 merged, min dist 999.000000
Computing shape distances...
Stopped with 0 merged, min dist 999.000000
Computing shape distances...
Stopped with 0 merged, min dist 999.000000
Computing shape distances... 0 1 2 3 4 5 6 7 8 9 10 11 12 13 14 15 16 17 18 19 20 21 22 23 24 25 26 27 28 29 30 31 32 33 34 35 36 37 38 39 40 41 42 43 44 45 46 47 48 49 50 51 52 53 54 55 56 57 58 59 60 61 62 63 64 65 66 67 68 69 70 71 72 73 74 75 76 77 78 79 80 81 82 83 84 85 86 87 88 89 90 91 92 93 94 95 96 97 98 99 100 101 102 103 104 105 106 107 108 109 110 111 112 113 114 115 116 117 118 119 120 121 122 123 124 125 126 127 128 129 130 131 132 133 134 135 136 137 138 139 140 141 142 143 144 145 146 147 148 149 150 151 152 153 154 155 156 157 158 159 160 161 162 163 164 165 166 167 168 169 170 171 172 173 174 175 176 177 178 179 180 181 182 183 184 185 186 187 188 189 190 191 192 193 194 195 196 197 198 199 200 201 202 203 204
Distance = 0.000000: Distance = 0.000000: Distance = 0.000000: Distance = 0.000000: Distance = 0.000000: Distance = 0.000000: Distance = 0.000000: Distance = 0.000000: Distance = 0.000000: Distance = 0.000000: Distance = 0.000000: Distance = 0.000000: Distance = 0.000000: Distance = 0.000000: Distance = 0.000000: Distance = 0.000000: Distance = 0.000000: Distance = 0.000000: Distance = 0.000000: Distance = 0.000000: Distance = 0.000000: Distance = 0.000000: Distance = 0.000000: Distance = 0.000000: Distance = 0.000000: Distance = 0.000000: Distance = 0.000000: Distance = 0.000000: Distance = 0.000000: Distance = 0.000000: Distance = 0.000000: Distance = 0.000000: Distance = 0.000000: Distance = 0.000000: Distance = 0.000000: Distance = 0.000000: Distance = 0.000000: Distance = 0.000000: Distance = 0.004630: Distance = 0.006173: Distance = 0.006757: Distance = 0.007326: Distance = 0.007463: Distance = 0.008446: Distance = 0.010283: Distance = 0.010485: Distance = 0.014060: Distance = 0.016393: Distance = 0.023490: Stopped with 49 merged, min dist 0.038462
Master shape_table:Number of shapes = 156 max unichars = 9 number with multiple unichars = 18

** MF Training **
[C:\Users\Seni'sPC\PycharmProjects\Train-data-ocr\jTessBoxEditor\tesseract-ocr/mftraining, -F, vie.font_properties, -U, unicharset, -O, vie.unicharset, vie.timesnewroman.exp0.tr]
Done!
Read shape table shapetable of 156 shapes
Reading vie.timesnewroman.exp0.tr ...
Warning: no protos/configs for sh0153 in CreateIntTemplates()
Warning: no protos/configs for sh0154 in CreateIntTemplates()
Warning: no protos/configs for sh0155 in CreateIntTemplates()

** CN Training **
[C:\Users\Seni'sPC\PycharmProjects\Train-data-ocr\jTessBoxEditor\tesseract-ocr/cntraining, vie.timesnewroman.exp0.tr]
Reading vie.timesnewroman.exp0.tr ...
Clustering ...

Writing normproto ...
Clustering error: Matrix inverse failed with error 4.55083

Successful rename of inttemp
Successful rename of pffmtable
Successful rename of normproto
Successful rename of shapetable
** Dictionary Data **
[C:\Users\Seni'sPC\PycharmProjects\Train-data-ocr\jTessBoxEditor\tesseract-ocr/wordlist2dawg, vie.frequent_words_list, vie.freq-dawg, vie.unicharset]
Loading unicharset from 'vie.unicharset'
Reading word list from 'vie.frequent_words_list'
Reducing Trie to SquishedDawg
Dawg is empty, skip producing the output file

[C:\Users\Seni'sPC\PycharmProjects\Train-data-ocr\jTessBoxEditor\tesseract-ocr/wordlist2dawg, vie.words_list, vie.word-dawg, vie.unicharset]
Loading unicharset from 'vie.unicharset'
Reading word list from 'vie.words_list'
Reducing Trie to SquishedDawg
Dawg is empty, skip producing the output file

** Combine Data Files **
[C:\Users\Seni'sPC\PycharmProjects\Train-data-ocr\jTessBoxEditor\tesseract-ocr/combine_tessdata, vie.]
Combining tessdata files
Output vie.traineddata created successfully.
Version string:v4.0.0.20181030
1:unicharset:size=14137, offset=192
3:inttemp:size=925269, offset=14329
4:pffmtable:size=1743, offset=939598
5:normproto:size=24984, offset=941341
13:shapetable:size=3400, offset=966325
23:version:size=15, offset=969725

** Moving generated traineddata file to tessdata folder **
** Training Completed **
