Feb 22, 2022 9:25:53 PM net.sourceforge.tessboxeditor.Gui loadBoxes
SEVERE: Java heap space
java.lang.OutOfMemoryError: Java heap space
	at java.base/java.util.HashMap.resize(HashMap.java:702)
	at java.base/java.util.HashMap.putVal(HashMap.java:627)
	at java.base/java.util.HashMap.put(HashMap.java:610)
	at java.base/java.util.HashSet.add(HashSet.java:221)
	at java.base/java.util.AbstractCollection.addAll(AbstractCollection.java:336)
	at java.base/java.util.HashSet.<init>(HashSet.java:121)
	at java.desktop/javax.swing.text.CompositeView.replace(CompositeView.java:185)
	at java.desktop/javax.swing.text.BoxView.replace(BoxView.java:182)
	at java.desktop/javax.swing.text.CompositeView.loadChildren(CompositeView.java:114)
	at java.desktop/javax.swing.text.CompositeView.setParent(CompositeView.java:139)
	at java.desktop/javax.swing.plaf.basic.BasicTextUI$RootView.setView(BasicTextUI.java:1432)
	at java.desktop/javax.swing.plaf.basic.BasicTextUI.setView(BasicTextUI.java:713)
	at java.desktop/javax.swing.plaf.basic.BasicTextUI.modelChanged(BasicTextUI.java:702)
	at java.desktop/javax.swing.plaf.basic.BasicTextUI$UpdateHandler.insertUpdate(BasicTextUI.java:1974)
	at java.desktop/javax.swing.text.AbstractDocument.fireInsertUpdate(AbstractDocument.java:226)
	at java.desktop/javax.swing.text.AbstractDocument.handleInsertString(AbstractDocument.java:780)
	at java.desktop/javax.swing.text.AbstractDocument.insertString(AbstractDocument.java:739)
	at java.desktop/javax.swing.text.PlainDocument.insertString(PlainDocument.java:131)
	at java.desktop/javax.swing.text.AbstractDocument.replace(AbstractDocument.java:698)
	at java.desktop/javax.swing.text.JTextComponent.setText(JTextComponent.java:1729)
	at net.sourceforge.tessboxeditor.Gui.loadBoxes(Unknown Source)
	at net.sourceforge.tessboxeditor.Gui$63.doInBackground(Unknown Source)
	at net.sourceforge.tessboxeditor.Gui$63.doInBackground(Unknown Source)
	at java.desktop/javax.swing.SwingWorker$1.call(SwingWorker.java:304)
	at java.base/java.util.concurrent.FutureTask.run(FutureTask.java:264)
	at java.desktop/javax.swing.SwingWorker.run(SwingWorker.java:343)
	at java.base/java.util.concurrent.ThreadPoolExecutor.runWorker(ThreadPoolExecutor.java:1136)
	at java.base/java.util.concurrent.ThreadPoolExecutor$Worker.run(ThreadPoolExecutor.java:635)
	at java.base/java.lang.Thread.run(Thread.java:833)

